2025-08-04 22:44:01,552 - INFO - [1/7] Cargando configuración...
2025-08-04 22:44:01,563 - INFO - [2/7] Leyendo metadatos del stack...
2025-08-04 22:44:01,581 - INFO - [2/7] Stack multibanda detectado con tamaño 89094x72127, nodata=-127.0, EPSG=3857
2025-08-04 22:44:01,581 - INFO - [3/7] Buscando píxeles válidos por bloque...
2025-08-04 22:49:39,551 - INFO - [3/7] Índices válidos por clase recopilados.
2025-08-04 22:49:39,551 - INFO - [4/7] Muestreo aleatorio estratificado por clase (10%)...
2025-08-04 22:50:22,023 - INFO - [4/7] Total puntos muestreados: 26,600,594
2025-08-04 22:50:22,024 - INFO - [4.5/7] Consultando UUIDs ya insertados...
2025-08-04 22:50:22,038 - WARNING - [!] La tabla 'ecos_acuatico_continental.muestreo_humedales_giz' no existe aún. Continuando sin filtrar UUIDs.
2025-08-04 22:50:22,039 - INFO - [4.5/7] UUIDs encontrados en BD: 0
2025-08-04 22:50:22,039 - INFO - [4.6/7] Filtrando muestras ya insertadas...
2025-08-04 22:52:25,277 - INFO - [4.6/7] Puntos nuevos a procesar: 26,600,594
2025-08-04 22:52:25,277 - INFO - [5/7] Extrayendo valores multitemporales e insertando por bloques...
2025-08-04 22:54:18,995 - INFO - [5/7] Insertados acumulados: 500,000
2025-08-04 22:55:44,079 - INFO - [5/7] Insertados acumulados: 1,000,000
2025-08-04 22:57:03,196 - INFO - [5/7] Insertados acumulados: 1,500,000
2025-08-04 22:58:36,016 - INFO - [5/7] Insertados acumulados: 2,000,000
2025-08-04 22:59:55,458 - INFO - [5/7] Insertados acumulados: 2,500,000
2025-08-04 23:01:21,072 - INFO - [5/7] Insertados acumulados: 3,000,000
2025-08-04 23:02:53,624 - INFO - [5/7] Insertados acumulados: 3,500,000
2025-08-04 23:04:19,804 - INFO - [5/7] Insertados acumulados: 4,000,000
2025-08-04 23:05:47,028 - INFO - [5/7] Insertados acumulados: 4,500,000
2025-08-04 23:07:13,800 - INFO - [5/7] Insertados acumulados: 5,000,000
2025-08-04 23:08:43,574 - INFO - [5/7] Insertados acumulados: 5,500,000
2025-08-04 23:10:09,599 - INFO - [5/7] Insertados acumulados: 6,000,000
2025-08-04 23:11:42,153 - INFO - [5/7] Insertados acumulados: 6,500,000
2025-08-04 23:13:02,324 - INFO - [5/7] Insertados acumulados: 7,000,000
2025-08-04 23:14:27,237 - INFO - [5/7] Insertados acumulados: 7,500,000
2025-08-04 23:15:59,331 - INFO - [5/7] Insertados acumulados: 8,000,000
2025-08-04 23:17:25,446 - INFO - [5/7] Insertados acumulados: 8,500,000
2025-08-04 23:18:51,499 - INFO - [5/7] Insertados acumulados: 9,000,000
2025-08-04 23:20:18,029 - INFO - [5/7] Insertados acumulados: 9,500,000
2025-08-04 23:21:56,443 - INFO - [5/7] Insertados acumulados: 10,000,000
2025-08-04 23:23:26,443 - INFO - [5/7] Insertados acumulados: 10,500,000
2025-08-04 23:25:00,931 - INFO - [5/7] Insertados acumulados: 11,000,000
2025-08-04 23:26:21,838 - INFO - [5/7] Insertados acumulados: 11,500,000
2025-08-04 23:27:52,406 - INFO - [5/7] Insertados acumulados: 12,000,000
2025-08-04 23:29:25,312 - INFO - [5/7] Insertados acumulados: 12,500,000
2025-08-04 23:30:53,358 - INFO - [5/7] Insertados acumulados: 13,000,000
2025-08-04 23:32:19,913 - INFO - [5/7] Insertados acumulados: 13,500,000
2025-08-04 23:33:46,486 - INFO - [5/7] Insertados acumulados: 14,000,000
2025-08-04 23:35:13,111 - INFO - [5/7] Insertados acumulados: 14,500,000
2025-08-04 23:36:41,200 - INFO - [5/7] Insertados acumulados: 15,000,000
2025-08-04 23:38:08,526 - INFO - [5/7] Insertados acumulados: 15,500,000
2025-08-04 23:39:35,778 - INFO - [5/7] Insertados acumulados: 16,000,000
2025-08-04 23:41:02,635 - INFO - [5/7] Insertados acumulados: 16,500,000
2025-08-04 23:42:29,061 - INFO - [5/7] Insertados acumulados: 17,000,000
2025-08-04 23:43:58,089 - INFO - [5/7] Insertados acumulados: 17,500,000
2025-08-04 23:45:25,914 - INFO - [5/7] Insertados acumulados: 18,000,000
2025-08-04 23:46:57,105 - INFO - [5/7] Insertados acumulados: 18,500,000
2025-08-04 23:48:24,229 - INFO - [5/7] Insertados acumulados: 19,000,000
2025-08-04 23:49:49,979 - INFO - [5/7] Insertados acumulados: 19,500,000
2025-08-04 23:51:20,377 - INFO - [5/7] Insertados acumulados: 20,000,000
2025-08-04 23:52:47,029 - INFO - [5/7] Insertados acumulados: 20,500,000
2025-08-04 23:54:13,291 - INFO - [5/7] Insertados acumulados: 21,000,000
2025-08-04 23:55:41,135 - INFO - [5/7] Insertados acumulados: 21,500,000
2025-08-04 23:57:08,347 - INFO - [5/7] Insertados acumulados: 22,000,000
2025-08-04 23:58:36,924 - INFO - [5/7] Insertados acumulados: 22,500,000
2025-08-05 00:00:05,604 - INFO - [5/7] Insertados acumulados: 23,000,000
2025-08-05 00:01:34,112 - INFO - [5/7] Insertados acumulados: 23,500,000
2025-08-05 00:03:00,693 - INFO - [5/7] Insertados acumulados: 24,000,000
2025-08-05 00:04:27,744 - INFO - [5/7] Insertados acumulados: 24,500,000
2025-08-05 00:05:54,529 - INFO - [5/7] Insertados acumulados: 25,000,000
2025-08-05 00:07:21,036 - INFO - [5/7] Insertados acumulados: 25,500,000
2025-08-05 00:08:53,441 - INFO - [5/7] Insertados acumulados: 26,000,000
2025-08-05 00:10:20,056 - INFO - [5/7] Insertados acumulados: 26,500,000
2025-08-05 00:11:47,154 - INFO - [5/7] Insertados acumulados: 27,000,000
2025-08-05 00:13:16,843 - INFO - [5/7] Insertados acumulados: 27,500,000
2025-08-05 00:14:49,043 - INFO - [5/7] Insertados acumulados: 28,000,000
2025-08-05 00:16:19,233 - INFO - [5/7] Insertados acumulados: 28,500,000
2025-08-05 00:17:47,261 - INFO - [5/7] Insertados acumulados: 29,000,000
2025-08-05 00:19:19,158 - INFO - [5/7] Insertados acumulados: 29,500,000
2025-08-05 00:20:49,337 - INFO - [5/7] Insertados acumulados: 30,000,000
2025-08-05 00:22:17,986 - INFO - [5/7] Insertados acumulados: 30,500,000
2025-08-05 00:23:45,014 - INFO - [5/7] Insertados acumulados: 31,000,000
2025-08-05 00:25:12,200 - INFO - [5/7] Insertados acumulados: 31,500,000
2025-08-05 00:26:39,264 - INFO - [5/7] Insertados acumulados: 32,000,000
2025-08-05 00:28:09,114 - INFO - [5/7] Insertados acumulados: 32,500,000
2025-08-05 00:29:38,705 - INFO - [5/7] Insertados acumulados: 33,000,000
2025-08-05 00:31:09,546 - INFO - [5/7] Insertados acumulados: 33,500,000
2025-08-05 00:32:40,122 - INFO - [5/7] Insertados acumulados: 34,000,000
2025-08-05 00:34:07,629 - INFO - [5/7] Insertados acumulados: 34,500,000
2025-08-05 00:35:35,001 - INFO - [5/7] Insertados acumulados: 35,000,000
2025-08-05 00:37:02,961 - INFO - [5/7] Insertados acumulados: 35,500,000
2025-08-05 00:38:27,752 - INFO - [5/7] Insertados acumulados: 36,000,000
2025-08-05 00:39:52,674 - INFO - [5/7] Insertados acumulados: 36,500,000
2025-08-05 00:41:17,724 - INFO - [5/7] Insertados acumulados: 37,000,000
2025-08-05 00:42:43,143 - INFO - [5/7] Insertados acumulados: 37,500,000
2025-08-05 00:44:08,548 - INFO - [5/7] Insertados acumulados: 38,000,000
2025-08-05 00:45:33,560 - INFO - [5/7] Insertados acumulados: 38,500,000
2025-08-05 00:46:58,358 - INFO - [5/7] Insertados acumulados: 39,000,000
2025-08-05 00:48:22,358 - INFO - [5/7] Insertados acumulados: 39,500,000
2025-08-05 00:49:46,895 - INFO - [5/7] Insertados acumulados: 40,000,000
2025-08-05 00:51:11,676 - INFO - [5/7] Insertados acumulados: 40,500,000
2025-08-05 00:52:38,716 - INFO - [5/7] Insertados acumulados: 41,000,000
2025-08-05 00:54:05,958 - INFO - [5/7] Insertados acumulados: 41,500,000
2025-08-05 00:55:35,446 - INFO - [5/7] Insertados acumulados: 42,000,000
2025-08-05 00:56:59,911 - INFO - [5/7] Insertados acumulados: 42,500,000
2025-08-05 00:58:25,075 - INFO - [5/7] Insertados acumulados: 43,000,000
2025-08-05 00:59:51,350 - INFO - [5/7] Insertados acumulados: 43,500,000
2025-08-05 01:01:15,535 - INFO - [5/7] Insertados acumulados: 44,000,000
2025-08-05 01:02:39,750 - INFO - [5/7] Insertados acumulados: 44,500,000
2025-08-05 01:04:04,443 - INFO - [5/7] Insertados acumulados: 45,000,000
2025-08-05 01:05:32,114 - INFO - [5/7] Insertados acumulados: 45,500,000
2025-08-05 01:06:57,052 - INFO - [5/7] Insertados acumulados: 46,000,000
2025-08-05 01:08:21,751 - INFO - [5/7] Insertados acumulados: 46,500,000
2025-08-05 01:09:46,710 - INFO - [5/7] Insertados acumulados: 47,000,000
2025-08-05 01:11:10,944 - INFO - [5/7] Insertados acumulados: 47,500,000
2025-08-05 01:12:36,212 - INFO - [5/7] Insertados acumulados: 48,000,000
2025-08-05 01:14:01,114 - INFO - [5/7] Insertados acumulados: 48,500,000
2025-08-05 01:15:25,578 - INFO - [5/7] Insertados acumulados: 49,000,000
2025-08-05 01:16:49,818 - INFO - [5/7] Insertados acumulados: 49,500,000
2025-08-05 01:18:14,860 - INFO - [5/7] Insertados acumulados: 50,000,000
2025-08-05 01:19:40,506 - INFO - [5/7] Insertados acumulados: 50,500,000
2025-08-05 01:21:06,515 - INFO - [5/7] Insertados acumulados: 51,000,000
2025-08-05 01:22:31,573 - INFO - [5/7] Insertados acumulados: 51,500,000
2025-08-05 01:23:56,363 - INFO - [5/7] Insertados acumulados: 52,000,000
2025-08-05 01:25:22,148 - INFO - [5/7] Insertados acumulados: 52,500,000
2025-08-05 01:26:48,838 - INFO - [5/7] Insertados acumulados: 53,000,000
2025-08-05 01:28:13,800 - INFO - [5/7] Insertados acumulados: 53,500,000
2025-08-05 01:29:38,535 - INFO - [5/7] Insertados acumulados: 54,000,000
2025-08-05 01:31:03,359 - INFO - [5/7] Insertados acumulados: 54,500,000
2025-08-05 01:32:28,240 - INFO - [5/7] Insertados acumulados: 55,000,000
2025-08-05 01:33:52,833 - INFO - [5/7] Insertados acumulados: 55,500,000
2025-08-05 01:35:17,876 - INFO - [5/7] Insertados acumulados: 56,000,000
2025-08-05 01:36:42,868 - INFO - [5/7] Insertados acumulados: 56,500,000
2025-08-05 01:38:07,453 - INFO - [5/7] Insertados acumulados: 57,000,000
2025-08-05 01:39:32,546 - INFO - [5/7] Insertados acumulados: 57,500,000
2025-08-05 01:40:57,430 - INFO - [5/7] Insertados acumulados: 58,000,000
2025-08-05 01:42:22,994 - INFO - [5/7] Insertados acumulados: 58,500,000
2025-08-05 01:43:47,063 - INFO - [5/7] Insertados acumulados: 59,000,000
2025-08-05 01:45:11,104 - INFO - [5/7] Insertados acumulados: 59,500,000
2025-08-05 01:46:36,023 - INFO - [5/7] Insertados acumulados: 60,000,000
2025-08-05 01:48:05,435 - INFO - [5/7] Insertados acumulados: 60,500,000
2025-08-05 01:49:35,296 - INFO - [5/7] Insertados acumulados: 61,000,000
2025-08-05 01:51:02,833 - INFO - [5/7] Insertados acumulados: 61,500,000
2025-08-05 01:52:30,618 - INFO - [5/7] Insertados acumulados: 62,000,000
2025-08-05 01:53:58,065 - INFO - [5/7] Insertados acumulados: 62,500,000
2025-08-05 01:55:25,323 - INFO - [5/7] Insertados acumulados: 63,000,000
2025-08-05 01:56:51,036 - INFO - [5/7] Insertados acumulados: 63,500,000
2025-08-05 01:58:15,990 - INFO - [5/7] Insertados acumulados: 64,000,000
2025-08-05 01:59:41,661 - INFO - [5/7] Insertados acumulados: 64,500,000
2025-08-05 02:01:06,637 - INFO - [5/7] Insertados acumulados: 65,000,000
2025-08-05 02:02:35,332 - INFO - [5/7] Insertados acumulados: 65,500,000
2025-08-05 02:04:03,582 - INFO - [5/7] Insertados acumulados: 66,000,000
2025-08-05 02:05:28,982 - INFO - [5/7] Insertados acumulados: 66,500,000
2025-08-05 02:06:54,438 - INFO - [5/7] Insertados acumulados: 67,000,000
2025-08-05 02:08:19,400 - INFO - [5/7] Insertados acumulados: 67,500,000
2025-08-05 02:09:44,242 - INFO - [5/7] Insertados acumulados: 68,000,000
2025-08-05 02:11:09,166 - INFO - [5/7] Insertados acumulados: 68,500,000
2025-08-05 02:12:37,707 - INFO - [5/7] Insertados acumulados: 69,000,000
2025-08-05 02:14:07,726 - INFO - [5/7] Insertados acumulados: 69,500,000
2025-08-05 02:15:35,669 - INFO - [5/7] Insertados acumulados: 70,000,000
2025-08-05 02:17:02,526 - INFO - [5/7] Insertados acumulados: 70,500,000
2025-08-05 02:18:32,432 - INFO - [5/7] Insertados acumulados: 71,000,000
2025-08-05 02:19:57,560 - INFO - [5/7] Insertados acumulados: 71,500,000
2025-08-05 02:21:22,680 - INFO - [5/7] Insertados acumulados: 72,000,000
2025-08-05 02:22:47,415 - INFO - [5/7] Insertados acumulados: 72,500,000
2025-08-05 02:24:15,580 - INFO - [5/7] Insertados acumulados: 73,000,000
2025-08-05 02:25:40,617 - INFO - [5/7] Insertados acumulados: 73,500,000
2025-08-05 02:27:05,531 - INFO - [5/7] Insertados acumulados: 74,000,000
2025-08-05 02:28:30,103 - INFO - [5/7] Insertados acumulados: 74,500,000
2025-08-05 02:29:55,266 - INFO - [5/7] Insertados acumulados: 75,000,000
2025-08-05 02:31:20,785 - INFO - [5/7] Insertados acumulados: 75,500,000
2025-08-05 02:32:44,846 - INFO - [5/7] Insertados acumulados: 76,000,000
2025-08-05 02:34:08,356 - INFO - [5/7] Insertados acumulados: 76,500,000
2025-08-05 02:35:32,094 - INFO - [5/7] Insertados acumulados: 77,000,000
2025-08-05 02:36:55,754 - INFO - [5/7] Insertados acumulados: 77,500,000
2025-08-05 02:38:19,656 - INFO - [5/7] Insertados acumulados: 78,000,000
2025-08-05 02:39:43,988 - INFO - [5/7] Insertados acumulados: 78,500,000
2025-08-05 02:41:08,002 - INFO - [5/7] Insertados acumulados: 79,000,000
2025-08-05 02:42:31,578 - INFO - [5/7] Insertados acumulados: 79,500,000
2025-08-05 02:43:56,262 - INFO - [5/7] Insertados acumulados: 80,000,000
2025-08-05 02:45:20,434 - INFO - [5/7] Insertados acumulados: 80,500,000
2025-08-05 02:46:45,366 - INFO - [5/7] Insertados acumulados: 81,000,000
2025-08-05 02:48:10,782 - INFO - [5/7] Insertados acumulados: 81,500,000
2025-08-05 02:49:34,662 - INFO - [5/7] Insertados acumulados: 82,000,000
2025-08-05 02:50:59,844 - INFO - [5/7] Insertados acumulados: 82,500,000
2025-08-05 02:52:25,479 - INFO - [5/7] Insertados acumulados: 83,000,000
2025-08-05 02:53:49,030 - INFO - [5/7] Insertados acumulados: 83,500,000
2025-08-05 02:55:13,245 - INFO - [5/7] Insertados acumulados: 84,000,000
2025-08-05 02:56:37,841 - INFO - [5/7] Insertados acumulados: 84,500,000
2025-08-05 02:58:01,590 - INFO - [5/7] Insertados acumulados: 85,000,000
2025-08-05 02:59:28,288 - INFO - [5/7] Insertados acumulados: 85,500,000
2025-08-05 03:00:52,632 - INFO - [5/7] Insertados acumulados: 86,000,000
2025-08-05 03:02:16,888 - INFO - [5/7] Insertados acumulados: 86,500,000
2025-08-05 03:03:40,890 - INFO - [5/7] Insertados acumulados: 87,000,000
2025-08-05 03:05:05,287 - INFO - [5/7] Insertados acumulados: 87,500,000
2025-08-05 03:06:29,718 - INFO - [5/7] Insertados acumulados: 88,000,000
2025-08-05 03:07:53,448 - INFO - [5/7] Insertados acumulados: 88,500,000
2025-08-05 03:09:18,837 - INFO - [5/7] Insertados acumulados: 89,000,000
2025-08-05 03:10:42,932 - INFO - [5/7] Insertados acumulados: 89,500,000
2025-08-05 03:12:07,012 - INFO - [5/7] Insertados acumulados: 90,000,000
2025-08-05 03:13:31,432 - INFO - [5/7] Insertados acumulados: 90,500,000
2025-08-05 03:14:55,878 - INFO - [5/7] Insertados acumulados: 91,000,000
2025-08-05 03:16:21,038 - INFO - [5/7] Insertados acumulados: 91,500,000
2025-08-05 03:17:45,935 - INFO - [5/7] Insertados acumulados: 92,000,000
2025-08-05 03:19:09,607 - INFO - [5/7] Insertados acumulados: 92,500,000
2025-08-05 03:20:35,738 - INFO - [5/7] Insertados acumulados: 93,000,000
2025-08-05 03:21:59,668 - INFO - [5/7] Insertados acumulados: 93,500,000
2025-08-05 03:23:23,416 - INFO - [5/7] Insertados acumulados: 94,000,000
2025-08-05 03:24:47,692 - INFO - [5/7] Insertados acumulados: 94,500,000
2025-08-05 03:26:12,409 - INFO - [5/7] Insertados acumulados: 95,000,000
2025-08-05 03:27:36,275 - INFO - [5/7] Insertados acumulados: 95,500,000
2025-08-05 03:29:00,251 - INFO - [5/7] Insertados acumulados: 96,000,000
2025-08-05 03:30:24,946 - INFO - [5/7] Insertados acumulados: 96,500,000
2025-08-05 03:31:49,626 - INFO - [5/7] Insertados acumulados: 97,000,000
2025-08-05 03:33:13,803 - INFO - [5/7] Insertados acumulados: 97,500,000
2025-08-05 03:34:42,049 - INFO - [5/7] Insertados acumulados: 98,000,000
2025-08-05 03:36:06,019 - INFO - [5/7] Insertados acumulados: 98,500,000
2025-08-05 03:37:30,743 - INFO - [5/7] Insertados acumulados: 99,000,000
2025-08-05 03:38:55,270 - INFO - [5/7] Insertados acumulados: 99,500,000
2025-08-05 03:40:19,870 - INFO - [5/7] Insertados acumulados: 100,000,000
2025-08-05 03:41:44,478 - INFO - [5/7] Insertados acumulados: 100,500,000
2025-08-05 03:43:08,186 - INFO - [5/7] Insertados acumulados: 101,000,000
2025-08-05 03:44:32,320 - INFO - [5/7] Insertados acumulados: 101,500,000
2025-08-05 03:45:57,524 - INFO - [5/7] Insertados acumulados: 102,000,000
2025-08-05 03:47:23,153 - INFO - [5/7] Insertados acumulados: 102,500,000
2025-08-05 03:48:48,980 - INFO - [5/7] Insertados acumulados: 103,000,000
2025-08-05 03:50:14,541 - INFO - [5/7] Insertados acumulados: 103,500,000
2025-08-05 03:51:38,429 - INFO - [5/7] Insertados acumulados: 104,000,000
2025-08-05 03:53:02,106 - INFO - [5/7] Insertados acumulados: 104,500,000
2025-08-05 03:54:26,732 - INFO - [5/7] Insertados acumulados: 105,000,000
2025-08-05 03:55:51,124 - INFO - [5/7] Insertados acumulados: 105,500,000
2025-08-05 03:57:17,359 - INFO - [5/7] Insertados acumulados: 106,000,000
2025-08-05 03:58:41,964 - INFO - [5/7] Insertados acumulados: 106,500,000
2025-08-05 04:00:06,526 - INFO - [5/7] Insertados acumulados: 107,000,000
2025-08-05 04:01:30,973 - INFO - [5/7] Insertados acumulados: 107,500,000
2025-08-05 04:02:54,844 - INFO - [5/7] Insertados acumulados: 108,000,000
2025-08-05 04:04:20,077 - INFO - [5/7] Insertados acumulados: 108,500,000
2025-08-05 04:05:44,721 - INFO - [5/7] Insertados acumulados: 109,000,000
2025-08-05 04:07:09,250 - INFO - [5/7] Insertados acumulados: 109,500,000
2025-08-05 04:08:38,291 - INFO - [5/7] Insertados acumulados: 110,000,000
2025-08-05 04:10:02,407 - INFO - [5/7] Insertados acumulados: 110,500,000
2025-08-05 04:11:27,840 - INFO - [5/7] Insertados acumulados: 111,000,000
2025-08-05 04:12:51,963 - INFO - [5/7] Insertados acumulados: 111,500,000
2025-08-05 04:14:16,716 - INFO - [5/7] Insertados acumulados: 112,000,000
2025-08-05 04:15:41,233 - INFO - [5/7] Insertados acumulados: 112,500,000
2025-08-05 04:17:06,798 - INFO - [5/7] Insertados acumulados: 113,000,000
2025-08-05 04:18:30,566 - INFO - [5/7] Insertados acumulados: 113,500,000
2025-08-05 04:19:55,124 - INFO - [5/7] Insertados acumulados: 114,000,000
2025-08-05 04:21:19,188 - INFO - [5/7] Insertados acumulados: 114,500,000
2025-08-05 04:22:42,761 - INFO - [5/7] Insertados acumulados: 115,000,000
2025-08-05 04:24:09,908 - INFO - [5/7] Insertados acumulados: 115,500,000
2025-08-05 04:25:34,401 - INFO - [5/7] Insertados acumulados: 116,000,000
2025-08-05 04:26:59,337 - INFO - [5/7] Insertados acumulados: 116,500,000
2025-08-05 04:28:23,902 - INFO - [5/7] Insertados acumulados: 117,000,000
2025-08-05 04:29:49,657 - INFO - [5/7] Insertados acumulados: 117,500,000
2025-08-05 04:31:14,205 - INFO - [5/7] Insertados acumulados: 118,000,000
2025-08-05 04:32:38,127 - INFO - [5/7] Insertados acumulados: 118,500,000
2025-08-05 04:34:01,879 - INFO - [5/7] Insertados acumulados: 119,000,000
2025-08-05 04:35:26,302 - INFO - [5/7] Insertados acumulados: 119,500,000
2025-08-05 04:36:50,413 - INFO - [5/7] Insertados acumulados: 120,000,000
2025-08-05 04:38:17,401 - INFO - [5/7] Insertados acumulados: 120,500,000
2025-08-05 04:39:42,641 - INFO - [5/7] Insertados acumulados: 121,000,000
2025-08-05 04:41:06,244 - INFO - [5/7] Insertados acumulados: 121,500,000
2025-08-05 04:42:32,912 - INFO - [5/7] Insertados acumulados: 122,000,000
2025-08-05 04:43:58,097 - INFO - [5/7] Insertados acumulados: 122,500,000
2025-08-05 04:45:22,499 - INFO - [5/7] Insertados acumulados: 123,000,000
2025-08-05 04:46:46,592 - INFO - [5/7] Insertados acumulados: 123,500,000
2025-08-05 04:48:14,701 - INFO - [5/7] Insertados acumulados: 124,000,000
2025-08-05 04:49:42,774 - INFO - [5/7] Insertados acumulados: 124,500,000
2025-08-05 04:51:07,991 - INFO - [5/7] Insertados acumulados: 125,000,000
2025-08-05 04:52:32,377 - INFO - [5/7] Insertados acumulados: 125,500,000
2025-08-05 04:53:56,240 - INFO - [5/7] Insertados acumulados: 126,000,000
2025-08-05 04:55:20,066 - INFO - [5/7] Insertados acumulados: 126,500,000
2025-08-05 04:56:44,327 - INFO - [5/7] Insertados acumulados: 127,000,000
2025-08-05 04:58:10,410 - INFO - [5/7] Insertados acumulados: 127,500,000
2025-08-05 04:59:35,570 - INFO - [5/7] Insertados acumulados: 128,000,000
2025-08-05 05:01:00,165 - INFO - [5/7] Insertados acumulados: 128,500,000
2025-08-05 05:02:24,114 - INFO - [5/7] Insertados acumulados: 129,000,000
2025-08-05 05:03:48,775 - INFO - [5/7] Insertados acumulados: 129,500,000
2025-08-05 05:05:15,640 - INFO - [5/7] Insertados acumulados: 130,000,000
2025-08-05 05:06:40,405 - INFO - [5/7] Insertados acumulados: 130,500,000
2025-08-05 05:08:05,632 - INFO - [5/7] Insertados acumulados: 131,000,000
2025-08-05 05:09:30,822 - INFO - [5/7] Insertados acumulados: 131,500,000
2025-08-05 05:10:55,888 - INFO - [5/7] Insertados acumulados: 132,000,000
2025-08-05 05:12:20,275 - INFO - [5/7] Insertados acumulados: 132,500,000
2025-08-05 05:13:44,493 - INFO - [5/7] Insertados acumulados: 133,000,000
2025-08-05 05:15:13,476 - INFO - [5/7] Insertados acumulados: 133,500,000
2025-08-05 05:16:39,408 - INFO - [5/7] Insertados acumulados: 134,000,000
2025-08-05 05:18:03,525 - INFO - [5/7] Insertados acumulados: 134,500,000
2025-08-05 05:19:27,900 - INFO - [5/7] Insertados acumulados: 135,000,000
2025-08-05 05:20:57,371 - INFO - [5/7] Insertados acumulados: 135,500,000
2025-08-05 05:22:24,852 - INFO - [5/7] Insertados acumulados: 136,000,000
2025-08-05 05:23:51,861 - INFO - [5/7] Insertados acumulados: 136,500,000
2025-08-05 05:25:21,372 - INFO - [5/7] Insertados acumulados: 137,000,000
2025-08-05 05:26:46,925 - INFO - [5/7] Insertados acumulados: 137,500,000
2025-08-05 05:28:10,851 - INFO - [5/7] Insertados acumulados: 138,000,000
2025-08-05 05:29:34,910 - INFO - [5/7] Insertados acumulados: 138,500,000
2025-08-05 05:30:59,518 - INFO - [5/7] Insertados acumulados: 139,000,000
2025-08-05 05:32:26,230 - INFO - [5/7] Insertados acumulados: 139,500,000
2025-08-05 05:33:55,708 - INFO - [5/7] Insertados acumulados: 140,000,000
2025-08-05 05:35:20,080 - INFO - [5/7] Insertados acumulados: 140,500,000
2025-08-05 05:36:45,576 - INFO - [5/7] Insertados acumulados: 141,000,000
2025-08-05 05:38:09,658 - INFO - [5/7] Insertados acumulados: 141,500,000
2025-08-05 05:39:35,378 - INFO - [5/7] Insertados acumulados: 142,000,000
2025-08-05 05:41:04,449 - INFO - [5/7] Insertados acumulados: 142,500,000
2025-08-05 05:42:31,530 - INFO - [5/7] Insertados acumulados: 143,000,000
2025-08-05 05:43:56,238 - INFO - [5/7] Insertados acumulados: 143,500,000
2025-08-05 05:45:20,701 - INFO - [5/7] Insertados acumulados: 144,000,000
2025-08-05 05:46:47,063 - INFO - [5/7] Insertados acumulados: 144,500,000
2025-08-05 05:48:11,633 - INFO - [5/7] Insertados acumulados: 145,000,000
2025-08-05 05:49:38,861 - INFO - [5/7] Insertados acumulados: 145,500,000
2025-08-05 05:51:04,370 - INFO - [5/7] Insertados acumulados: 146,000,000
2025-08-05 05:52:30,003 - INFO - [5/7] Insertados acumulados: 146,500,000
2025-08-05 05:53:55,173 - INFO - [5/7] Insertados acumulados: 147,000,000
2025-08-05 05:55:20,457 - INFO - [5/7] Insertados acumulados: 147,500,000
2025-08-05 05:56:46,138 - INFO - [5/7] Insertados acumulados: 148,000,000
2025-08-05 05:58:12,153 - INFO - [5/7] Insertados acumulados: 148,500,000
2025-08-05 05:59:37,625 - INFO - [5/7] Insertados acumulados: 149,000,000
2025-08-05 06:01:03,121 - INFO - [5/7] Insertados acumulados: 149,500,000
2025-08-05 06:02:28,482 - INFO - [5/7] Insertados acumulados: 150,000,000
2025-08-05 06:03:54,025 - INFO - [5/7] Insertados acumulados: 150,500,000
2025-08-05 06:05:17,257 - INFO - [5/7] Insertados acumulados: 151,000,000
2025-08-05 06:06:40,772 - INFO - [5/7] Insertados acumulados: 151,500,000
2025-08-05 06:08:04,089 - INFO - [5/7] Insertados acumulados: 152,000,000
2025-08-05 06:09:27,451 - INFO - [5/7] Insertados acumulados: 152,500,000
2025-08-05 06:10:51,418 - INFO - [5/7] Insertados acumulados: 153,000,000
2025-08-05 06:12:20,205 - INFO - [5/7] Insertados acumulados: 153,500,000
2025-08-05 06:13:44,232 - INFO - [5/7] Insertados acumulados: 154,000,000
2025-08-05 06:15:08,040 - INFO - [5/7] Insertados acumulados: 154,500,000
2025-08-05 06:16:34,513 - INFO - [5/7] Insertados acumulados: 155,000,000
2025-08-05 06:18:00,263 - INFO - [5/7] Insertados acumulados: 155,500,000
2025-08-05 06:19:23,784 - INFO - [5/7] Insertados acumulados: 156,000,000
2025-08-05 06:20:47,630 - INFO - [5/7] Insertados acumulados: 156,500,000
2025-08-05 06:22:11,185 - INFO - [5/7] Insertados acumulados: 157,000,000
2025-08-05 06:23:38,509 - INFO - [5/7] Insertados acumulados: 157,500,000
2025-08-05 06:25:02,764 - INFO - [5/7] Insertados acumulados: 158,000,000
2025-08-05 06:26:28,234 - INFO - [5/7] Insertados acumulados: 158,500,000
2025-08-05 06:27:51,792 - INFO - [5/7] Insertados acumulados: 159,000,000
2025-08-05 06:29:21,273 - INFO - [5/7] Insertados acumulados: 159,500,000
2025-08-05 06:30:45,573 - INFO - [5/7] Insertados acumulados: 160,000,000
2025-08-05 06:32:09,451 - INFO - [5/7] Insertados acumulados: 160,500,000
2025-08-05 06:33:34,353 - INFO - [5/7] Insertados acumulados: 161,000,000
2025-08-05 06:34:59,888 - INFO - [5/7] Insertados acumulados: 161,500,000
2025-08-05 06:36:23,635 - INFO - [5/7] Insertados acumulados: 162,000,000
2025-08-05 06:37:47,686 - INFO - [5/7] Insertados acumulados: 162,500,000
2025-08-05 06:39:14,653 - INFO - [5/7] Insertados acumulados: 163,000,000
2025-08-05 06:40:40,087 - INFO - [5/7] Insertados acumulados: 163,500,000
2025-08-05 06:42:04,007 - INFO - [5/7] Insertados acumulados: 164,000,000
2025-08-05 06:43:33,468 - INFO - [5/7] Insertados acumulados: 164,500,000
2025-08-05 06:44:57,863 - INFO - [5/7] Insertados acumulados: 165,000,000
2025-08-05 06:46:25,487 - INFO - [5/7] Insertados acumulados: 165,500,000
2025-08-05 06:47:49,927 - INFO - [5/7] Insertados acumulados: 166,000,000
2025-08-05 06:49:18,468 - INFO - [5/7] Insertados acumulados: 166,500,000
2025-08-05 06:50:42,567 - INFO - [5/7] Insertados acumulados: 167,000,000
2025-08-05 06:52:06,720 - INFO - [5/7] Insertados acumulados: 167,500,000
2025-08-05 06:53:31,249 - INFO - [5/7] Insertados acumulados: 168,000,000
2025-08-05 06:54:54,060 - INFO - [5/7] Insertados acumulados: 168,500,000
2025-08-05 06:56:13,564 - INFO - [5/7] Insertados acumulados: 169,000,000
2025-08-05 06:57:33,169 - INFO - [5/7] Insertados acumulados: 169,500,000
2025-08-05 06:58:52,950 - INFO - [5/7] Insertados acumulados: 170,000,000
2025-08-05 07:00:12,393 - INFO - [5/7] Insertados acumulados: 170,500,000
2025-08-05 07:01:31,623 - INFO - [5/7] Insertados acumulados: 171,000,000
2025-08-05 07:02:50,561 - INFO - [5/7] Insertados acumulados: 171,500,000
2025-08-05 07:04:10,124 - INFO - [5/7] Insertados acumulados: 172,000,000
2025-08-05 07:05:32,560 - INFO - [5/7] Insertados acumulados: 172,500,000
2025-08-05 07:06:51,788 - INFO - [5/7] Insertados acumulados: 173,000,000
2025-08-05 07:08:15,294 - INFO - [5/7] Insertados acumulados: 173,500,000
2025-08-05 07:09:35,006 - INFO - [5/7] Insertados acumulados: 174,000,000
2025-08-05 07:10:54,384 - INFO - [5/7] Insertados acumulados: 174,500,000
2025-08-05 07:12:19,219 - INFO - [5/7] Insertados acumulados: 175,000,000
2025-08-05 07:13:47,287 - INFO - [5/7] Insertados acumulados: 175,500,000
2025-08-05 07:15:18,695 - INFO - [5/7] Insertados acumulados: 176,000,000
2025-08-05 07:16:48,385 - INFO - [5/7] Insertados acumulados: 176,500,000
2025-08-05 07:18:21,200 - INFO - [5/7] Insertados acumulados: 177,000,000
2025-08-05 07:19:48,720 - INFO - [5/7] Insertados acumulados: 177,500,000
2025-08-05 07:21:19,050 - INFO - [5/7] Insertados acumulados: 178,000,000
2025-08-05 07:22:46,257 - INFO - [5/7] Insertados acumulados: 178,500,000
2025-08-05 07:24:13,688 - INFO - [5/7] Insertados acumulados: 179,000,000
2025-08-05 07:25:41,550 - INFO - [5/7] Insertados acumulados: 179,500,000
2025-08-05 07:27:08,798 - INFO - [5/7] Insertados acumulados: 180,000,000
2025-08-05 07:28:37,072 - INFO - [5/7] Insertados acumulados: 180,500,000
2025-08-05 07:30:03,893 - INFO - [5/7] Insertados acumulados: 181,000,000
2025-08-05 07:31:32,915 - INFO - [5/7] Insertados acumulados: 181,500,000
2025-08-05 07:32:59,184 - INFO - [5/7] Insertados acumulados: 182,000,000
2025-08-05 07:34:27,802 - INFO - [5/7] Insertados acumulados: 182,500,000
2025-08-05 07:35:53,263 - INFO - [5/7] Insertados acumulados: 183,000,000
2025-08-05 07:37:19,068 - INFO - [5/7] Insertados acumulados: 183,500,000
2025-08-05 07:38:44,325 - INFO - [5/7] Insertados acumulados: 184,000,000
2025-08-05 07:40:09,693 - INFO - [5/7] Insertados acumulados: 184,500,000
2025-08-05 07:41:35,564 - INFO - [5/7] Insertados acumulados: 185,000,000
2025-08-05 07:43:00,716 - INFO - [5/7] Insertados acumulados: 185,500,000
2025-08-05 07:44:23,310 - INFO - [5/7] Insertados acumulados: 186,000,000
2025-08-05 07:45:43,962 - INFO - [5/7] Insertados acumulados: 186,500,000
2025-08-05 07:47:04,691 - INFO - [5/7] Insertados acumulados: 187,000,000
2025-08-05 07:48:28,032 - INFO - [5/7] Insertados acumulados: 187,500,000
2025-08-05 07:49:50,080 - INFO - [5/7] Insertados acumulados: 188,000,000
2025-08-05 07:51:10,336 - INFO - [5/7] Insertados acumulados: 188,500,000
2025-08-05 07:52:32,661 - INFO - [5/7] Insertados acumulados: 189,000,000
2025-08-05 07:53:53,276 - INFO - [5/7] Insertados acumulados: 189,500,000
2025-08-05 07:55:14,161 - INFO - [5/7] Insertados acumulados: 190,000,000
2025-08-05 07:56:38,065 - INFO - [5/7] Insertados acumulados: 190,500,000
2025-08-05 07:58:01,033 - INFO - [5/7] Insertados acumulados: 191,000,000
2025-08-05 07:59:26,694 - INFO - [5/7] Insertados acumulados: 191,500,000
2025-08-05 08:00:50,925 - INFO - [5/7] Insertados acumulados: 192,000,000
2025-08-05 08:02:15,205 - INFO - [5/7] Insertados acumulados: 192,500,000
2025-08-05 08:03:39,316 - INFO - [5/7] Insertados acumulados: 193,000,000
2025-08-05 08:05:03,222 - INFO - [5/7] Insertados acumulados: 193,500,000
2025-08-05 08:06:26,868 - INFO - [5/7] Insertados acumulados: 194,000,000
2025-08-05 08:07:51,365 - INFO - [5/7] Insertados acumulados: 194,500,000
2025-08-05 08:09:16,375 - INFO - [5/7] Insertados acumulados: 195,000,000
2025-08-05 08:10:40,448 - INFO - [5/7] Insertados acumulados: 195,500,000
2025-08-05 08:12:07,250 - INFO - [5/7] Insertados acumulados: 196,000,000
2025-08-05 08:13:31,307 - INFO - [5/7] Insertados acumulados: 196,500,000
2025-08-05 08:14:55,895 - INFO - [5/7] Insertados acumulados: 197,000,000
2025-08-05 08:16:22,652 - INFO - [5/7] Insertados acumulados: 197,500,000
2025-08-05 08:17:46,240 - INFO - [5/7] Insertados acumulados: 198,000,000
2025-08-05 08:19:11,347 - INFO - [5/7] Insertados acumulados: 198,500,000
2025-08-05 08:20:35,213 - INFO - [5/7] Insertados acumulados: 199,000,000
2025-08-05 08:22:00,338 - INFO - [5/7] Insertados acumulados: 199,500,000
2025-08-05 08:23:25,754 - INFO - [5/7] Insertados acumulados: 200,000,000
2025-08-05 08:24:53,154 - INFO - [5/7] Insertados acumulados: 200,500,000
2025-08-05 08:26:17,355 - INFO - [5/7] Insertados acumulados: 201,000,000
2025-08-05 08:27:41,612 - INFO - [5/7] Insertados acumulados: 201,500,000
2025-08-05 08:29:08,854 - INFO - [5/7] Insertados acumulados: 202,000,000
2025-08-05 08:30:38,671 - INFO - [5/7] Insertados acumulados: 202,500,000
2025-08-05 08:32:02,767 - INFO - [5/7] Insertados acumulados: 203,000,000
2025-08-05 08:33:26,619 - INFO - [5/7] Insertados acumulados: 203,500,000
2025-08-05 08:34:55,834 - INFO - [5/7] Insertados acumulados: 204,000,000
2025-08-05 08:36:20,579 - INFO - [5/7] Insertados acumulados: 204,500,000
2025-08-05 08:37:44,464 - INFO - [5/7] Insertados acumulados: 205,000,000
2025-08-05 08:39:11,918 - INFO - [5/7] Insertados acumulados: 205,500,000
2025-08-05 08:40:38,651 - INFO - [5/7] Insertados acumulados: 206,000,000
2025-08-05 08:42:03,320 - INFO - [5/7] Insertados acumulados: 206,500,000
2025-08-05 08:43:32,258 - INFO - [5/7] Insertados acumulados: 207,000,000
2025-08-05 08:44:59,614 - INFO - [5/7] Insertados acumulados: 207,500,000
2025-08-05 08:46:23,807 - INFO - [5/7] Insertados acumulados: 208,000,000
2025-08-05 08:47:51,517 - INFO - [5/7] Insertados acumulados: 208,500,000
2025-08-05 08:49:16,263 - INFO - [5/7] Insertados acumulados: 209,000,000
2025-08-05 08:50:40,543 - INFO - [5/7] Insertados acumulados: 209,500,000
2025-08-05 08:52:04,485 - INFO - [5/7] Insertados acumulados: 210,000,000
2025-08-05 08:53:28,622 - INFO - [5/7] Insertados acumulados: 210,500,000
2025-08-05 08:54:52,324 - INFO - [5/7] Insertados acumulados: 211,000,000
2025-08-05 08:56:19,272 - INFO - [5/7] Insertados acumulados: 211,500,000
2025-08-05 08:57:43,871 - INFO - [5/7] Insertados acumulados: 212,000,000
2025-08-05 08:59:08,500 - INFO - [5/7] Insertados acumulados: 212,500,000
2025-08-05 09:00:33,048 - INFO - [5/7] Insertados acumulados: 213,000,000
2025-08-05 09:01:56,874 - INFO - [5/7] Insertados acumulados: 213,500,000
2025-08-05 09:03:22,366 - INFO - [5/7] Insertados acumulados: 214,000,000
2025-08-05 09:04:48,172 - INFO - [5/7] Insertados acumulados: 214,500,000
2025-08-05 09:06:14,988 - INFO - [5/7] Insertados acumulados: 215,000,000
2025-08-05 09:07:40,215 - INFO - [5/7] Insertados acumulados: 215,500,000
2025-08-05 09:09:06,123 - INFO - [5/7] Insertados acumulados: 216,000,000
2025-08-05 09:10:32,393 - INFO - [5/7] Insertados acumulados: 216,500,000
2025-08-05 09:11:57,675 - INFO - [5/7] Insertados acumulados: 217,000,000
2025-08-05 09:13:24,263 - INFO - [5/7] Insertados acumulados: 217,500,000
2025-08-05 09:14:54,789 - INFO - [5/7] Insertados acumulados: 218,000,000
2025-08-05 09:16:20,772 - INFO - [5/7] Insertados acumulados: 218,500,000
2025-08-05 09:17:46,364 - INFO - [5/7] Insertados acumulados: 219,000,000
2025-08-05 09:19:11,571 - INFO - [5/7] Insertados acumulados: 219,500,000
2025-08-05 09:20:40,415 - INFO - [5/7] Insertados acumulados: 220,000,000
2025-08-05 09:22:05,870 - INFO - [5/7] Insertados acumulados: 220,500,000
2025-08-05 09:23:32,506 - INFO - [5/7] Insertados acumulados: 221,000,000
2025-08-05 09:24:57,927 - INFO - [5/7] Insertados acumulados: 221,500,000
2025-08-05 09:26:23,528 - INFO - [5/7] Insertados acumulados: 222,000,000
2025-08-05 09:27:48,880 - INFO - [5/7] Insertados acumulados: 222,500,000
2025-08-05 09:29:14,145 - INFO - [5/7] Insertados acumulados: 223,000,000
2025-08-05 09:30:39,101 - INFO - [5/7] Insertados acumulados: 223,500,000
2025-08-05 09:32:04,396 - INFO - [5/7] Insertados acumulados: 224,000,000
2025-08-05 09:33:29,685 - INFO - [5/7] Insertados acumulados: 224,500,000
2025-08-05 09:34:55,373 - INFO - [5/7] Insertados acumulados: 225,000,000
2025-08-05 09:36:21,567 - INFO - [5/7] Insertados acumulados: 225,500,000
2025-08-05 09:37:46,759 - INFO - [5/7] Insertados acumulados: 226,000,000
2025-08-05 09:39:12,611 - INFO - [5/7] Insertados acumulados: 226,500,000
2025-08-05 09:40:37,839 - INFO - [5/7] Insertados acumulados: 227,000,000
2025-08-05 09:42:03,205 - INFO - [5/7] Insertados acumulados: 227,500,000
2025-08-05 09:43:30,934 - INFO - [5/7] Insertados acumulados: 228,000,000
2025-08-05 09:44:56,150 - INFO - [5/7] Insertados acumulados: 228,500,000
2025-08-05 09:46:21,719 - INFO - [5/7] Insertados acumulados: 229,000,000
2025-08-05 09:47:49,026 - INFO - [5/7] Insertados acumulados: 229,500,000
2025-08-05 09:49:15,368 - INFO - [5/7] Insertados acumulados: 230,000,000
2025-08-05 09:50:40,840 - INFO - [5/7] Insertados acumulados: 230,500,000
2025-08-05 09:52:10,149 - INFO - [5/7] Insertados acumulados: 231,000,000
2025-08-05 09:53:35,752 - INFO - [5/7] Insertados acumulados: 231,500,000
2025-08-05 09:55:01,152 - INFO - [5/7] Insertados acumulados: 232,000,000
2025-08-05 09:56:26,361 - INFO - [5/7] Insertados acumulados: 232,500,000
2025-08-05 09:57:52,949 - INFO - [5/7] Insertados acumulados: 233,000,000
2025-08-05 09:59:20,562 - INFO - [5/7] Insertados acumulados: 233,500,000
2025-08-05 10:00:47,106 - INFO - [5/7] Insertados acumulados: 234,000,000
2025-08-05 10:02:13,981 - INFO - [5/7] Insertados acumulados: 234,500,000
2025-08-05 10:03:39,567 - INFO - [5/7] Insertados acumulados: 235,000,000
2025-08-05 10:05:07,916 - INFO - [5/7] Insertados acumulados: 235,500,000
2025-08-05 10:06:34,029 - INFO - [5/7] Insertados acumulados: 236,000,000
2025-08-05 10:07:59,987 - INFO - [5/7] Insertados acumulados: 236,500,000
2025-08-05 10:09:25,933 - INFO - [5/7] Insertados acumulados: 237,000,000
2025-08-05 10:10:52,580 - INFO - [5/7] Insertados acumulados: 237,500,000
2025-08-05 10:12:19,470 - INFO - [5/7] Insertados acumulados: 238,000,000
2025-08-05 10:13:45,483 - INFO - [5/7] Insertados acumulados: 238,500,000
2025-08-05 10:15:11,088 - INFO - [5/7] Insertados acumulados: 239,000,000
2025-08-05 10:16:36,993 - INFO - [5/7] Insertados acumulados: 239,500,000
2025-08-05 10:18:02,089 - INFO - [5/7] Insertados acumulados: 240,000,000
2025-08-05 10:19:27,548 - INFO - [5/7] Insertados acumulados: 240,500,000
2025-08-05 10:20:53,261 - INFO - [5/7] Insertados acumulados: 241,000,000
2025-08-05 10:22:19,302 - INFO - [5/7] Insertados acumulados: 241,500,000
2025-08-05 10:23:45,935 - INFO - [5/7] Insertados acumulados: 242,000,000
2025-08-05 10:25:11,449 - INFO - [5/7] Insertados acumulados: 242,500,000
2025-08-05 10:26:37,144 - INFO - [5/7] Insertados acumulados: 243,000,000
2025-08-05 10:28:03,264 - INFO - [5/7] Insertados acumulados: 243,500,000
2025-08-05 10:29:29,983 - INFO - [5/7] Insertados acumulados: 244,000,000
2025-08-05 10:30:56,716 - INFO - [5/7] Insertados acumulados: 244,500,000
2025-08-05 10:32:24,687 - INFO - [5/7] Insertados acumulados: 245,000,000
2025-08-05 10:33:50,229 - INFO - [5/7] Insertados acumulados: 245,500,000
2025-08-05 10:35:18,761 - INFO - [5/7] Insertados acumulados: 246,000,000
2025-08-05 10:36:48,223 - INFO - [5/7] Insertados acumulados: 246,500,000
2025-08-05 10:38:13,804 - INFO - [5/7] Insertados acumulados: 247,000,000
2025-08-05 10:39:33,592 - INFO - [5/7] Insertados acumulados: 247,500,000
2025-08-05 10:40:58,994 - INFO - [5/7] Insertados acumulados: 248,000,000
2025-08-05 10:42:19,754 - INFO - [5/7] Insertados acumulados: 248,500,000
2025-08-05 10:43:39,958 - INFO - [5/7] Insertados acumulados: 249,000,000
2025-08-05 10:45:00,223 - INFO - [5/7] Insertados acumulados: 249,500,000
2025-08-05 10:46:22,158 - INFO - [5/7] Insertados acumulados: 250,000,000
2025-08-05 10:47:43,314 - INFO - [5/7] Insertados acumulados: 250,500,000
2025-08-05 10:49:04,383 - INFO - [5/7] Insertados acumulados: 251,000,000
2025-08-05 10:50:24,715 - INFO - [5/7] Insertados acumulados: 251,500,000
2025-08-05 10:51:45,461 - INFO - [5/7] Insertados acumulados: 252,000,000
2025-08-05 10:53:06,520 - INFO - [5/7] Insertados acumulados: 252,500,000
2025-08-05 10:54:29,567 - INFO - [5/7] Insertados acumulados: 253,000,000
2025-08-05 10:55:51,250 - INFO - [5/7] Insertados acumulados: 253,500,000
2025-08-05 10:57:17,209 - INFO - [5/7] Insertados acumulados: 254,000,000
2025-08-05 10:58:38,698 - INFO - [5/7] Insertados acumulados: 254,500,000
2025-08-05 11:00:03,340 - INFO - [5/7] Insertados acumulados: 255,000,000
2025-08-05 11:01:25,701 - INFO - [5/7] Insertados acumulados: 255,500,000
2025-08-05 11:02:47,569 - INFO - [5/7] Insertados acumulados: 256,000,000
2025-08-05 11:04:09,820 - INFO - [5/7] Insertados acumulados: 256,500,000
2025-08-05 11:05:32,694 - INFO - [5/7] Insertados acumulados: 257,000,000
2025-08-05 11:06:59,946 - INFO - [5/7] Insertados acumulados: 257,500,000
2025-08-05 11:08:22,846 - INFO - [5/7] Insertados acumulados: 258,000,000
2025-08-05 11:09:45,102 - INFO - [5/7] Insertados acumulados: 258,500,000
2025-08-05 11:11:08,709 - INFO - [5/7] Insertados acumulados: 259,000,000
2025-08-05 11:12:30,554 - INFO - [5/7] Insertados acumulados: 259,500,000
2025-08-05 11:13:52,579 - INFO - [5/7] Insertados acumulados: 260,000,000
2025-08-05 11:15:14,551 - INFO - [5/7] Insertados acumulados: 260,500,000
2025-08-05 11:16:37,013 - INFO - [5/7] Insertados acumulados: 261,000,000
2025-08-05 11:17:59,082 - INFO - [5/7] Insertados acumulados: 261,500,000
2025-08-05 11:19:21,925 - INFO - [5/7] Insertados acumulados: 262,000,000
2025-08-05 11:20:43,824 - INFO - [5/7] Insertados acumulados: 262,500,000
2025-08-05 11:22:05,355 - INFO - [5/7] Insertados acumulados: 263,000,000
2025-08-05 11:23:27,749 - INFO - [5/7] Insertados acumulados: 263,500,000
2025-08-05 11:24:52,277 - INFO - [5/7] Insertados acumulados: 264,000,000
2025-08-05 11:26:16,051 - INFO - [5/7] Insertados acumulados: 264,500,000
2025-08-05 11:27:38,298 - INFO - [5/7] Insertados acumulados: 265,000,000
2025-08-05 11:29:02,434 - INFO - [5/7] Insertados acumulados: 265,500,000
2025-08-05 11:30:29,455 - INFO - [5/7] Insertados acumulados: 266,000,000
2025-08-05 11:30:30,085 - INFO - [6/7] Insertando registros restantes...
2025-08-05 11:30:30,218 - INFO - [6/7] Insertados acumulados (final): 266,005,940
2025-08-05 11:30:30,219 - INFO - [7/7] Muestreo completo. Total registros insertados: 266,005,940
2025-08-05 11:30:30,219 - INFO - [7/7] Proceso finalizado exitosamente.
